warning: Unused imported item
  ┌─ /Users/brixelectronics/Documents/mac/gleamdb/test/gleamdb/event_test.gleam:9:27
  │
9 │ import gleamdb/fact.{Str, Ref}
  │                           ^^^ This imported constructor is never used

Hint: You can safely remove it.

warning: Deprecated value used
   ┌─ /Users/brixelectronics/Documents/mac/gleamdb/test/gleamdb/performance_test.gleam:18:34
   │
18 │   let facts = list.flat_map(list.range(1, 100), fn(i) {
   │                                  ^^^^^ This value has been deprecated

It was deprecated with this message: Use int.range instead

warning: Deprecated value used
   ┌─ /Users/brixelectronics/Documents/mac/gleamdb/test/gleamdb/performance_test.gleam:46:29
   │
46 │   let facts = list.map(list.range(1, 49), fn(i) {
   │                             ^^^^^ This value has been deprecated

It was deprecated with this message: Use int.range instead

warning: Deprecated value used
   ┌─ /Users/brixelectronics/Documents/mac/gleamdb/src/gleamdb/sharded.gleam:29:21
   │
29 │   let shards = list.range(0, shard_count - 1)
   │                     ^^^^^ This value has been deprecated

It was deprecated with this message: Use int.range instead

warning: Deprecated value used
   ┌─ /Users/brixelectronics/Documents/mac/gleamdb/src/gleamdb/sharded.gleam:57:21
   │
57 │   let shards = list.range(0, shard_count - 1)
   │                     ^^^^^ This value has been deprecated

It was deprecated with this message: Use int.range instead

warning: Deprecated value used
    ┌─ /Users/brixelectronics/Documents/mac/gleamdb/src/gleamdb/sharded.gleam:109:12
    │
109 │       list.range(1, list.length(grouped_list))
    │            ^^^^^ This value has been deprecated

It was deprecated with this message: Use int.range instead

warning: Deprecated value used
    ┌─ /Users/brixelectronics/Documents/mac/gleamdb/src/gleamdb/sharded.gleam:137:8
    │
137 │   list.range(1, list.length(shard_list))
    │        ^^^^^ This value has been deprecated

It was deprecated with this message: Use int.range instead

warning: Deprecated value used
    ┌─ /Users/brixelectronics/Documents/mac/gleamdb/src/gleamdb/sharded.gleam:159:8
    │
159 │   list.range(1, list.length(shard_list))
    │        ^^^^^ This value has been deprecated

It was deprecated with this message: Use int.range instead

warning: Deprecated value used
   ┌─ /Users/brixelectronics/Documents/mac/gleamdb/test/time_series_test.gleam:16:20
   │
16 │   let ticks = list.range(1, 100) |> list.map(fn(i) {
   │                    ^^^^^ This value has been deprecated

It was deprecated with this message: Use int.range instead

warning: Inefficient use of `list.length`
   ┌─ /Users/brixelectronics/Documents/mac/gleamdb/test/time_series_test.gleam:52:18
   │
52 │   should.be_true(list.length(values) > 0)
   │                  ^^^^^^^^^^^^^^^^^^^^^^^

The `list.length` function has to iterate across the whole
list to calculate the length, which is wasteful if you only
need to know if the list is empty or not.

Hint: You can use `the_list != []` instead.

warning: Deprecated value used
   ┌─ /Users/brixelectronics/Documents/mac/gleamdb/test/time_series_test.gleam:61:8
   │
61 │   list.range(1, 10) |> list.each(fn(i) {
   │        ^^^^^ This value has been deprecated

It was deprecated with this message: Use int.range instead

warning: Deprecated value used
    ┌─ /Users/brixelectronics/Documents/mac/gleamdb/test/time_series_test.gleam:108:8
    │
108 │   list.range(1, 5) |> list.each(fn(i) {
    │        ^^^^^ This value has been deprecated

It was deprecated with this message: Use int.range instead

   Compiled in 0.08s
    Running gleamdb_test.main
[32m.[39m[32m.[39m[32m.[39m[32m.[39m[32m.[39m[32m.[39m[32m.[39m[32m.[39mRunning supervision_test
[32m.[39m[32m.[39m[32m.[39m[32m.[39m
[1m[31mlet assert[39m[22m [90mtest/gleamdb/event_test.gleam:75[39m
[36m test[39m: gleamdb@event_test.event_reactive_test
[36m code[39m: let assert Ok(received_eid) = process.receive(self_subject, 5000)
[36mvalue[39m: Error(Nil)
[36m info[39m: Pattern match failed, no pattern matched the value.
[32m.[39m[32m.[39m[32m.[39m[32m.[39m[32m.[39m[32m.[39m[32m.[39m[32m.[39m[32m.[39m[32m.[39m[32m.[39m[32m.[39m[32m.[39m[32m.[39m[32m.[39m[32m.[39mReceived Delta Added
Received Delta Removed
[32m.[39m[32m.[39m[32m.[39m[32m.[39m[32m.[39m[32m.[39m[32m.[39m[32m.[39m[32m.[39m[32m.[39m[32m.[39m[32m.[39m[32m.[39m[32m.[39m[32m.[39m[32m.[39m[32m.[39m[32m.[39m[32m.[39m[32m.[39m[32m.[39m[32m.[39m[32m.[39m[32m.[39m[32m.[39m=ERROR REPORT==== 14-Feb-2026::22:42:42.471327 ===
global: <0.252.0> registered under several names: [<<103,108,101,97,109,100,98,95,108,101,97,100,101,114>>,<<103,108,101,97,109,100,98,95,116,101,115,116,95,115,104,97,114,100,101,100,95,105,100,101,110,116,105,116,121,95,115,48>>]

=ERROR REPORT==== 14-Feb-2026::22:42:42.471497 ===
global: <0.254.0> registered under several names: [<<103,108,101,97,109,100,98,95,108,101,97,100,101,114>>,<<103,108,101,97,109,100,98,95,116,101,115,116,95,115,104,97,114,100,101,100,95,105,100,101,110,116,105,116,121,95,115,49>>]

=ERROR REPORT==== 14-Feb-2026::22:42:42.471593 ===
global: <0.256.0> registered under several names: [<<103,108,101,97,109,100,98,95,108,101,97,100,101,114>>,<<103,108,101,97,109,100,98,95,116,101,115,116,95,115,104,97,114,100,101,100,95,105,100,101,110,116,105,116,121,95,115,50>>]

=ERROR REPORT==== 14-Feb-2026::22:42:42.471682 ===
global: <0.258.0> registered under several names: [<<103,108,101,97,109,100,98,95,108,101,97,100,101,114>>,<<103,108,101,97,109,100,98,95,116,101,115,116,95,115,104,97,114,100,101,100,95,105,100,101,110,116,105,116,121,95,115,51>>]

[32m.[39m=ERROR REPORT==== 14-Feb-2026::22:42:42.474518 ===
global: <0.267.0> registered under several names: [<<103,108,101,97,109,100,98,95,108,101,97,100,101,114>>,<<103,108,101,97,109,100,98,95,116,101,115,116,95,115,104,97,114,100,101,100,95,115,99,97,108,105,110,103,95,115,48>>]

=ERROR REPORT==== 14-Feb-2026::22:42:42.474710 ===
global: <0.269.0> registered under several names: [<<103,108,101,97,109,100,98,95,108,101,97,100,101,114>>,<<103,108,101,97,109,100,98,95,116,101,115,116,95,115,104,97,114,100,101,100,95,115,99,97,108,105,110,103,95,115,49>>]

=ERROR REPORT==== 14-Feb-2026::22:42:42.474858 ===
global: <0.271.0> registered under several names: [<<103,108,101,97,109,100,98,95,108,101,97,100,101,114>>,<<103,108,101,97,109,100,98,95,116,101,115,116,95,115,104,97,114,100,101,100,95,115,99,97,108,105,110,103,95,115,50>>]

=ERROR REPORT==== 14-Feb-2026::22:42:42.474996 ===
global: <0.273.0> registered under several names: [<<103,108,101,97,109,100,98,95,108,101,97,100,101,114>>,<<103,108,101,97,109,100,98,95,116,101,115,116,95,115,104,97,114,100,101,100,95,115,99,97,108,105,110,103,95,115,51>>]

=ERROR REPORT==== 14-Feb-2026::22:42:42.475115 ===
global: <0.275.0> registered under several names: [<<103,108,101,97,109,100,98,95,108,101,97,100,101,114>>,<<103,108,101,97,109,100,98,95,116,101,115,116,95,115,104,97,114,100,101,100,95,115,99,97,108,105,110,103,95,115,52>>]

=ERROR REPORT==== 14-Feb-2026::22:42:42.475210 ===
global: <0.277.0> registered under several names: [<<103,108,101,97,109,100,98,95,108,101,97,100,101,114>>,<<103,108,101,97,109,100,98,95,116,101,115,116,95,115,104,97,114,100,101,100,95,115,99,97,108,105,110,103,95,115,53>>]

=ERROR REPORT==== 14-Feb-2026::22:42:42.475288 ===
global: <0.279.0> registered under several names: [<<103,108,101,97,109,100,98,95,108,101,97,100,101,114>>,<<103,108,101,97,109,100,98,95,116,101,115,116,95,115,104,97,114,100,101,100,95,115,99,97,108,105,110,103,95,115,54>>]

=ERROR REPORT==== 14-Feb-2026::22:42:42.475372 ===
global: <0.281.0> registered under several names: [<<103,108,101,97,109,100,98,95,108,101,97,100,101,114>>,<<103,108,101,97,109,100,98,95,116,101,115,116,95,115,104,97,114,100,101,100,95,115,99,97,108,105,110,103,95,115,55>>]

[32m.[39m=ERROR REPORT==== 14-Feb-2026::22:42:42.478421 ===
global: <0.296.0> registered under several names: [<<103,108,101,97,109,100,98,95,108,101,97,100,101,114>>,<<103,108,101,97,109,100,98,95,116,101,115,116,95,115,104,97,114,100,101,100,95,101,100,103,101,95,115,48>>]

=ERROR REPORT==== 14-Feb-2026::22:42:42.478513 ===
global: <0.298.0> registered under several names: [<<103,108,101,97,109,100,98,95,108,101,97,100,101,114>>,<<103,108,101,97,109,100,98,95,116,101,115,116,95,115,104,97,114,100,101,100,95,101,100,103,101,95,115,49>>]

=ERROR REPORT==== 14-Feb-2026::22:42:42.478605 ===
global: <0.300.0> registered under several names: [<<103,108,101,97,109,100,98,95,108,101,97,100,101,114>>,<<103,108,101,97,109,100,98,95,116,101,115,116,95,115,104,97,114,100,101,100,95,101,100,103,101,95,49,95,115,48>>]

[32m.[39m=ERROR REPORT==== 14-Feb-2026::22:42:42.481500 ===
global: <0.304.0> registered under several names: [<<103,108,101,97,109,100,98,95,108,101,97,100,101,114>>,<<103,108,101,97,109,100,98,95,116,101,115,116,95,115,104,97,114,100,101,100,95,115,116,111,112,95,115,48>>]

=ERROR REPORT==== 14-Feb-2026::22:42:42.481639 ===
global: <0.306.0> registered under several names: [<<103,108,101,97,109,100,98,95,108,101,97,100,101,114>>,<<103,108,101,97,109,100,98,95,116,101,115,116,95,115,104,97,114,100,101,100,95,115,116,111,112,95,115,49>>]

[32m.[39m[32m.[39m[32m.[39m[32m.[39m[31m
60 passed, 1 failures[39m
